<?xml version="1.0" encoding="UTF-8"?>
<!-- Generated by org.testng.reporters.JUnitReportReporter -->
<testsuite hostname="DESKTOP-936GHLD" failures="0" tests="1" name="com.automation.testcases.LoginPageTest" time="25.782" errors="0" timestamp="2021-10-04T16:42:26 IST" skipped="0">
  <testcase classname="com.automation.testcases.LoginPageTest" name="test_success" time="25.782"/>
  <system-out/>
</testsuite> <!-- com.automation.testcases.LoginPageTest -->
